[0;34m[2025-08-15 22:01:09][0m Checking prerequisites...
[0;34m[2025-08-15 22:01:09][0m Using newer docker compose command
[0;32m[2025-08-15 22:01:09] ✅[0m Prerequisites check passed
[0;34m[2025-08-15 22:01:09][0m Building Docker image...
[0;34m[2025-08-15 22:30:22][0m Checking prerequisites...
[0;34m[2025-08-15 22:30:22][0m Using newer docker compose command
[0;32m[2025-08-15 22:30:22] ✅[0m Prerequisites check passed
[0;34m[2025-08-15 22:30:22][0m Building Docker image...
[0;34m[2025-08-15 23:21:22][0m Checking prerequisites...
[0;34m[2025-08-15 23:21:22][0m Using newer docker compose command
[0;32m[2025-08-15 23:21:22] ✅[0m Prerequisites check passed
[0;34m[2025-08-15 23:21:22][0m Restarting application...
[0;32m[2025-08-15 23:21:23] ✅[0m Application restarted
[0;34m[2025-08-15 23:26:37][0m Deployment Status:
[0;34m[2025-08-15 23:26:37][0m Recent container logs:
[0;34m[2025-08-15 23:27:06][0m Checking prerequisites...
[0;34m[2025-08-15 23:27:06][0m Using newer docker compose command
[0;32m[2025-08-15 23:27:06] ✅[0m Prerequisites check passed
[0;34m[2025-08-15 23:27:06][0m Deployment Status:
[0;34m[2025-08-15 23:27:06][0m Recent container logs:
[0;34m[2025-08-15 23:27:06][0m Network status:
[0;34m[2025-08-15 23:27:06][0m Resource usage:
[0;34m[2025-08-15 23:27:21][0m Checking prerequisites...
[0;34m[2025-08-15 23:27:21][0m Using newer docker compose command
[0;32m[2025-08-15 23:27:21] ✅[0m Prerequisites check passed
[0;34m[2025-08-15 23:27:21][0m Deploying application...
[0;32m[2025-08-15 23:29:31] ✅[0m Application deployed successfully
[0;34m[2025-08-15 23:29:31][0m Performing health check...
[0;34m[2025-08-15 23:29:31][0m Health check attempt 1/2 failed, waiting 10 seconds...
[0;34m[2025-08-15 23:30:01][0m Health check attempt 2/2 failed, waiting 10 seconds...
[0;31m[2025-08-15 23:30:11] ❌[0m Health check failed after 2 attempts
[0;34m[2025-08-15 23:32:50][0m Checking prerequisites...
[0;34m[2025-08-15 23:32:50][0m Using newer docker compose command
[0;32m[2025-08-15 23:32:50] ✅[0m Prerequisites check passed
[0;34m[2025-08-15 23:38:29][0m Checking prerequisites...
[0;34m[2025-08-15 23:38:29][0m Using newer docker compose command
[0;32m[2025-08-15 23:38:29] ✅[0m Prerequisites check passed
[0;34m[2025-08-15 23:38:29][0m Restarting application...
[0;32m[2025-08-15 23:38:30] ✅[0m Application restarted
[0;34m[2025-08-15 23:38:44][0m Checking prerequisites...
[0;34m[2025-08-15 23:38:44][0m Using newer docker compose command
[0;32m[2025-08-15 23:38:44] ✅[0m Prerequisites check passed
[0;34m[2025-08-15 23:38:44][0m Stopping application...
[0;32m[2025-08-15 23:38:44] ✅[0m Application stopped
[0;34m[2025-08-15 23:38:44][0m Checking prerequisites...
[0;34m[2025-08-15 23:38:44][0m Using newer docker compose command
[0;32m[2025-08-15 23:38:45] ✅[0m Prerequisites check passed
[0;34m[2025-08-15 23:38:45][0m Deploying application...
[0;32m[2025-08-15 23:38:45] ✅[0m Application deployed successfully
[0;34m[2025-08-15 23:38:45][0m Performing health check...
[0;34m[2025-08-15 23:38:45][0m Health check attempt 1/2 failed, waiting 10 seconds...
[0;32m[2025-08-15 23:38:55] ✅[0m Health check passed after 2 attempts
[0;34m[2025-08-15 23:38:55][0m Deployment Status:
[0;34m[2025-08-15 23:38:55][0m Recent container logs:
[0;34m[2025-08-15 23:38:55][0m Network status:
[0;34m[2025-08-15 23:38:55][0m Resource usage:
